<?xml version="1.0" encoding="UTF-8"?>
<!-- Generated by org.testng.reporters.JUnitReportReporter -->
<testsuite hostname="LAPTOP-RSES787T" failures="0" tests="2" name="com.runner.Runner" time="17.045" errors="0" timestamp="2023-01-05T12:27:12 EST" skipped="0">
  <testcase classname="com.runner.Runner" name="runScenario" time="8.534"/>
  <system-out/>
  <testcase classname="com.runner.Runner" name="runScenario" time="8.511"/>
  <system-out/>
</testsuite> <!-- com.runner.Runner -->
