<?xml version="1.0" encoding="UTF-8"?>
<!-- Generated by org.testng.reporters.JUnitReportReporter -->
<testsuite hostname="LAPTOP-S7F1L181" failures="0" tests="2" name="com.runner.Runner" time="77.500" errors="0" timestamp="2022-12-23T11:22:43 CST" skipped="0">
  <testcase classname="com.runner.Runner" name="runScenario" time="40.912"/>
  <system-out/>
  <testcase classname="com.runner.Runner" name="runScenario" time="36.588"/>
  <system-out/>
</testsuite> <!-- com.runner.Runner -->
